<?xml version="1.0" encoding="UTF-8"?>
<!-- Generated by org.testng.reporters.JUnitReportReporter -->
<testsuite skipped="0" hostname="LAPTOP-P0OMBC0K" name="runner.RunTest" tests="1" failures="0" timestamp="15 Feb 2023 09:51:42 GMT" time="10.986" errors="0">
  <testcase name="runScenario" time="10.986" classname="runner.RunTest"/>
</testsuite> <!-- runner.RunTest -->
