<?xml version="1.0" encoding="UTF-8"?>
<!-- Generated by org.testng.reporters.JUnitReportReporter -->
<testsuite skipped="0" hostname="LAPTOP-P0OMBC0K" name="runner.RunTest" tests="1" failures="0" timestamp="15 Feb 2023 17:34:20 GMT" time="15.380" errors="0">
  <testcase name="runScenario" time="15.380" classname="runner.RunTest"/>
</testsuite> <!-- runner.RunTest -->
